<?xml version="1.0" encoding="UTF-8"?>
<!-- Generated by org.testng.reporters.JUnitReportReporter -->
<testsuite hostname="LAPTOP-N84L60DU" name="org.testing.TestScripts.TC7" tests="1" failures="0" timestamp="12 Sep 2020 19:00:03 GMT" time="40.051" errors="0">
  <testcase name="LoginPlayVideoLike" time="40.051" classname="org.testing.TestScripts.TC7"/>
</testsuite> <!-- org.testing.TestScripts.TC7 -->
