<?xml version="1.0" encoding="UTF-8"?>
<!-- Generated by org.testng.reporters.JUnitReportReporter -->
<testsuite hostname="LAPTOP-N84L60DU" name="org.testing.TestScripts.TC4" tests="1" failures="0" timestamp="12 Sep 2020 18:57:42 GMT" time="34.859" errors="0">
  <testcase name="LoginLibrary" time="34.859" classname="org.testing.TestScripts.TC4"/>
</testsuite> <!-- org.testing.TestScripts.TC4 -->
