<?xml version="1.0" encoding="UTF-8"?>
<!-- Generated by org.testng.reporters.JUnitReportReporter -->
<testsuite hostname="LAPTOP-N84L60DU" name="org.testing.TestScripts.TC4" tests="1" failures="0" timestamp="15 Oct 2020 18:03:35 GMT" time="37.128" errors="0">
  <testcase name="LoginLibrary" time="37.128" classname="org.testing.TestScripts.TC4"/>
</testsuite> <!-- org.testing.TestScripts.TC4 -->
