<?xml version="1.0" encoding="UTF-8"?>
<!-- Generated by org.testng.reporters.JUnitReportReporter -->
<testsuite hostname="LAPTOP-N84L60DU" name="org.testing.TestScripts.TC5" tests="1" failures="0" timestamp="12 Sep 2020 18:58:47 GMT" time="35.526" errors="0">
  <testcase name="LoginWatchlater" time="35.526" classname="org.testing.TestScripts.TC5"/>
</testsuite> <!-- org.testing.TestScripts.TC5 -->
