<?xml version="1.0" encoding="UTF-8"?>
<!-- Generated by org.testng.reporters.JUnitReportReporter -->
<testsuite hostname="LAPTOP-N84L60DU" name="org.testing.TestScripts.TC2" tests="1" failures="0" timestamp="12 Sep 2020 18:54:47 GMT" time="34.239" errors="0">
  <testcase name="LoginHistory" time="34.239" classname="org.testing.TestScripts.TC2"/>
</testsuite> <!-- org.testing.TestScripts.TC2 -->
