<?xml version="1.0" encoding="UTF-8"?>
<!-- Generated by org.testng.reporters.JUnitReportReporter -->
<testsuite hostname="LAPTOP-N84L60DU" name="org.testing.TestScripts.TC8" tests="1" failures="0" timestamp="12 Sep 2020 19:01:57 GMT" time="44.581" errors="0">
  <testcase name="LoginPlayVideoSubscribe" time="44.581" classname="org.testing.TestScripts.TC8"/>
</testsuite> <!-- org.testing.TestScripts.TC8 -->
